Determining if the pthread_create exist failed with the following output:
Change Dir: /shared/foss/global-matting/build/CMakeFiles/CMakeTmp

Run Build Command:"/usr/bin/make" "cmTC_f3caa/fast"
/usr/bin/make -f CMakeFiles/cmTC_f3caa.dir/build.make CMakeFiles/cmTC_f3caa.dir/build
make[1]: Entering directory '/mnt/shared/v18/foss/global-matting/build/CMakeFiles/CMakeTmp'
Building C object CMakeFiles/cmTC_f3caa.dir/CheckSymbolExists.c.o
/usr/bin/cc   -fPIC    -o CMakeFiles/cmTC_f3caa.dir/CheckSymbolExists.c.o   -c /shared/foss/global-matting/build/CMakeFiles/CMakeTmp/CheckSymbolExists.c
Linking C executable cmTC_f3caa
/usr/local/bin/cmake -E cmake_link_script CMakeFiles/cmTC_f3caa.dir/link.txt --verbose=1
/usr/bin/cc -fPIC     -rdynamic CMakeFiles/cmTC_f3caa.dir/CheckSymbolExists.c.o  -o cmTC_f3caa 
CMakeFiles/cmTC_f3caa.dir/CheckSymbolExists.c.o: In function `main':
CheckSymbolExists.c:(.text+0x1b): undefined reference to `pthread_create'
collect2: error: ld returned 1 exit status
CMakeFiles/cmTC_f3caa.dir/build.make:86: recipe for target 'cmTC_f3caa' failed
make[1]: *** [cmTC_f3caa] Error 1
make[1]: Leaving directory '/mnt/shared/v18/foss/global-matting/build/CMakeFiles/CMakeTmp'
Makefile:121: recipe for target 'cmTC_f3caa/fast' failed
make: *** [cmTC_f3caa/fast] Error 2

File /shared/foss/global-matting/build/CMakeFiles/CMakeTmp/CheckSymbolExists.c:
/* */
#include <pthread.h>

int main(int argc, char** argv)
{
  (void)argv;
#ifndef pthread_create
  return ((int*)(&pthread_create))[argc];
#else
  (void)argc;
  return 0;
#endif
}

Determining if the function pthread_create exists in the pthreads failed with the following output:
Change Dir: /shared/foss/global-matting/build/CMakeFiles/CMakeTmp

Run Build Command:"/usr/bin/make" "cmTC_aafa4/fast"
/usr/bin/make -f CMakeFiles/cmTC_aafa4.dir/build.make CMakeFiles/cmTC_aafa4.dir/build
make[1]: Entering directory '/mnt/shared/v18/foss/global-matting/build/CMakeFiles/CMakeTmp'
Building C object CMakeFiles/cmTC_aafa4.dir/CheckFunctionExists.c.o
/usr/bin/cc   -fPIC -DCHECK_FUNCTION_EXISTS=pthread_create   -o CMakeFiles/cmTC_aafa4.dir/CheckFunctionExists.c.o   -c /usr/local/share/cmake-3.12/Modules/CheckFunctionExists.c
Linking C executable cmTC_aafa4
/usr/local/bin/cmake -E cmake_link_script CMakeFiles/cmTC_aafa4.dir/link.txt --verbose=1
/usr/bin/cc -fPIC -DCHECK_FUNCTION_EXISTS=pthread_create    -rdynamic CMakeFiles/cmTC_aafa4.dir/CheckFunctionExists.c.o  -o cmTC_aafa4 -lpthreads 
/usr/bin/ld: cannot find -lpthreads
collect2: error: ld returned 1 exit status
CMakeFiles/cmTC_aafa4.dir/build.make:86: recipe for target 'cmTC_aafa4' failed
make[1]: *** [cmTC_aafa4] Error 1
make[1]: Leaving directory '/mnt/shared/v18/foss/global-matting/build/CMakeFiles/CMakeTmp'
Makefile:121: recipe for target 'cmTC_aafa4/fast' failed
make: *** [cmTC_aafa4/fast] Error 2


